<?xml version="1.0" encoding="UTF-8"?>
<testng-results skipped="0" failed="0" ignored="0" total="2" passed="2">
  <reporter-output>
  </reporter-output>
  <suite name="Default suite" duration-ms="34" started-at="2024-03-12T16:15:13Z" finished-at="2024-03-12T16:15:13Z">
    <groups>
    </groups>
    <test name="Default test" duration-ms="34" started-at="2024-03-12T16:15:13Z" finished-at="2024-03-12T16:15:13Z">
      <class name="org.tryy.TryClass">
        <test-method status="PASS" signature="test1()[pri:0, instance:org.tryy.TryClass@475530b9]" name="test1" duration-ms="10" started-at="2024-03-12T21:45:13Z" finished-at="2024-03-12T21:45:13Z">
          <reporter-output>
          </reporter-output>
        </test-method> <!-- test1 -->
        <test-method status="PASS" signature="test2()[pri:0, instance:org.tryy.TryClass@475530b9]" name="test2" duration-ms="2" started-at="2024-03-12T21:45:13Z" finished-at="2024-03-12T21:45:13Z">
          <reporter-output>
          </reporter-output>
        </test-method> <!-- test2 -->
      </class> <!-- org.tryy.TryClass -->
    </test> <!-- Default test -->
  </suite> <!-- Default suite -->
</testng-results>
